{"contracts/SimpleStorage.sol":{"l":{"18":1,"22":1,"23":1,"27":2,"33":1},"path":"/Users/tirthbhayani/hc-fcc/hardhat-simple-storage/contracts/SimpleStorage.sol","s":{"1":1,"2":2,"3":1},"b":{},"f":{"1":1,"2":1,"3":2,"4":1},"fnMap":{"1":{"name":"store","line":17,"loc":{"start":{"line":17,"column":4},"end":{"line":19,"column":4}}},"2":{"name":"addPerson","line":21,"loc":{"start":{"line":21,"column":4},"end":{"line":24,"column":4}}},"3":{"name":"getFavouriteNumber","line":26,"loc":{"start":{"line":26,"column":4},"end":{"line":28,"column":4}}},"4":{"name":"getFavNumberForPerson","line":30,"loc":{"start":{"line":30,"column":4},"end":{"line":34,"column":4}}}},"statementMap":{"1":{"start":{"line":22,"column":8},"end":{"line":22,"column":45}},"2":{"start":{"line":27,"column":8},"end":{"line":27,"column":30}},"3":{"start":{"line":33,"column":8},"end":{"line":33,"column":37}}},"branchMap":{}}}